# JRE version: OpenJDK Runtime Environment Temurin-17.0.5+8 (17.0.5+8) (build 17.0.5+8)
# Java VM: OpenJDK 64-Bit Server VM Temurin-17.0.5+8 (17.0.5+8, mixed mode, tiered, compressed oops, compressed class ptrs, g1 gc, windows-amd64)
GC Precious Log:
 CPUs: 4 total, 4 available
 Memory: 3967M
 Large Page Support: Disabled
 NUMA Support: Disabled
 Compressed Oops: Enabled (32-bit)
 Heap Region Size: 1M
 Heap Min Capacity: 8M
 Heap Initial Capacity: 62M
 Heap Max Capacity: 992M
 Pre-touch: Disabled
 Parallel Workers: 4
 Concurrent Workers: 1
 Concurrent Refinement Workers: 4
 Periodic GC: Disabled
Heap:
 garbage-first heap   total 34816K, used 18389K [0x00000000c2000000, 0x0000000100000000)
  region size 1024K, 5 young (5120K), 1 survivors (1024K)
 Metaspace       used 27814K, committed 28032K, reserved 1081344K
  class space    used 3194K, committed 3328K, reserved 1048576K
GC Heap History (10 events):
Event: 1.751 GC heap before
{Heap before GC invocations=0 (full 0):
 garbage-first heap   total 63488K, used 13312K [0x00000000c2000000, 0x0000000100000000)
  region size 1024K, 13 young (13312K), 0 survivors (0K)
 Metaspace       used 11494K, committed 11712K, reserved 1064960K
  class space    used 1091K, committed 1216K, reserved 1048576K
}
Event: 1.758 GC heap after
{Heap after GC invocations=1 (full 0):
 garbage-first heap   total 63488K, used 4806K [0x00000000c2000000, 0x0000000100000000)
  region size 1024K, 2 young (2048K), 2 survivors (2048K)
 Metaspace       used 11494K, committed 11712K, reserved 1064960K
  class space    used 1091K, committed 1216K, reserved 1048576K
}
Event: 2.396 GC heap before
{Heap before GC invocations=1 (full 0):
 garbage-first heap   total 63488K, used 16070K [0x00000000c2000000, 0x0000000100000000)
  region size 1024K, 13 young (13312K), 2 survivors (2048K)
 Metaspace       used 14256K, committed 14464K, reserved 1064960K
  class space    used 1475K, committed 1536K, reserved 1048576K
}
Event: 2.403 GC heap after
{Heap after GC invocations=2 (full 0):
 garbage-first heap   total 63488K, used 6733K [0x00000000c2000000, 0x0000000100000000)
  region size 1024K, 2 young (2048K), 2 survivors (2048K)
 Metaspace       used 14256K, committed 14464K, reserved 1064960K
  class space    used 1475K, committed 1536K, reserved 1048576K
}
Event: 6.290 GC heap before
{Heap before GC invocations=2 (full 0):
 garbage-first heap   total 63488K, used 26189K [0x00000000c2000000, 0x0000000100000000)
  region size 1024K, 23 young (23552K), 2 survivors (2048K)
 Metaspace       used 21347K, committed 21504K, reserved 1073152K
  class space    used 2332K, committed 2432K, reserved 1048576K
}
Event: 6.297 GC heap after
{Heap after GC invocations=3 (full 0):
 garbage-first heap   total 63488K, used 8549K [0x00000000c2000000, 0x0000000100000000)
  region size 1024K, 3 young (3072K), 3 survivors (3072K)
 Metaspace       used 21347K, committed 21504K, reserved 1073152K
  class space    used 2332K, committed 2432K, reserved 1048576K
}
Event: 7.875 GC heap before
{Heap before GC invocations=4 (full 0):
 garbage-first heap   total 34816K, used 24933K [0x00000000c2000000, 0x0000000100000000)
  region size 1024K, 20 young (20480K), 3 survivors (3072K)
 Metaspace       used 26476K, committed 26624K, reserved 1073152K
  class space    used 2997K, committed 3072K, reserved 1048576K
}
Event: 7.884 GC heap after
{Heap after GC invocations=5 (full 0):
 garbage-first heap   total 34816K, used 9744K [0x00000000c2000000, 0x0000000100000000)
  region size 1024K, 2 young (2048K), 2 survivors (2048K)
 Metaspace       used 26476K, committed 26624K, reserved 1073152K
  class space    used 2997K, committed 3072K, reserved 1048576K
}
Event: 7.931 GC heap before
{Heap before GC invocations=5 (full 0):
 garbage-first heap   total 34816K, used 10768K [0x00000000c2000000, 0x0000000100000000)
  region size 1024K, 3 young (3072K), 2 survivors (2048K)
 Metaspace       used 26726K, committed 26944K, reserved 1073152K
  class space    used 3030K, committed 3136K, reserved 1048576K
}
Event: 7.936 GC heap after
{Heap after GC invocations=6 (full 0):
 garbage-first heap   total 34816K, used 10197K [0x00000000c2000000, 0x0000000100000000)
  region size 1024K, 1 young (1024K), 1 survivors (1024K)
 Metaspace       used 26726K, committed 26944K, reserved 1073152K
  class space    used 3030K, committed 3136K, reserved 1048576K
}

